<?xml version="1.0" encoding="UTF-8" ?>
<testsuite failures="0" time="0.983" errors="1" skipped="0" tests="1" name="com.tfry.spring.SpringTest">
  <properties>
    <property name="java.runtime.name" value="Java(TM) SE Runtime Environment"/>
    <property name="sun.boot.library.path" value="C:\Program Files\Java\jdk1.7.0_71\jre\bin"/>
    <property name="java.vm.version" value="24.71-b01"/>
    <property name="java.vm.vendor" value="Oracle Corporation"/>
    <property name="java.vendor.url" value="http://java.oracle.com/"/>
    <property name="path.separator" value=";"/>
    <property name="java.vm.name" value="Java HotSpot(TM) 64-Bit Server VM"/>
    <property name="file.encoding.pkg" value="sun.io"/>
    <property name="user.script" value=""/>
    <property name="user.country" value="CN"/>
    <property name="sun.java.launcher" value="SUN_STANDARD"/>
    <property name="sun.os.patch.level" value=""/>
    <property name="java.vm.specification.name" value="Java Virtual Machine Specification"/>
    <property name="user.dir" value="I:\J2EE\workspace-hfzs\spring_simple_test"/>
    <property name="java.runtime.version" value="1.7.0_71-b14"/>
    <property name="java.awt.graphicsenv" value="sun.awt.Win32GraphicsEnvironment"/>
    <property name="basedir" value="I:\J2EE\workspace-hfzs\spring_simple_test"/>
    <property name="java.endorsed.dirs" value="C:\Program Files\Java\jdk1.7.0_71\jre\lib\endorsed"/>
    <property name="os.arch" value="amd64"/>
    <property name="surefire.real.class.path" value="C:\Users\wei\AppData\Local\Temp\surefirebooter1647117758880827336.jar"/>
    <property name="java.io.tmpdir" value="C:\Users\wei\AppData\Local\Temp\"/>
    <property name="line.separator" value="
"/>
    <property name="java.vm.specification.vendor" value="Oracle Corporation"/>
    <property name="user.variant" value=""/>
    <property name="os.name" value="Windows 8.1"/>
    <property name="sun.jnu.encoding" value="GBK"/>
    <property name="java.library.path" value="C:\Program Files\Java\jdk1.7.0_71\jre\bin;C:\Windows\Sun\Java\bin;C:\Windows\system32;C:\Windows;C:/Program Files/Java/jdk1.7.0_71/bin/../jre/bin/server;C:/Program Files/Java/jdk1.7.0_71/bin/../jre/bin;C:/Program Files/Java/jdk1.7.0_71/bin/../jre/lib/amd64;J:\oracle\product\10.2.0\db_1\bin;C:\Program Files\Java\jdk1.7.0_71\bin;C:\Windows\system32;C:\Windows;C:\Windows\System32\Wbem;C:\Windows\System32\WindowsPowerShell\v1.0\;C:\Program Files\MySQL\MySQL Server 5.5\bin;D:\???????????\TortoiseSVN\bin;%MAVEN_HOME%\bin;D:\???????????\eclipse_kepler;;."/>
    <property name="surefire.test.class.path" value="I:\J2EE\workspace-hfzs\spring_simple_test\target\test-classes;I:\J2EE\workspace-hfzs\spring_simple_test\target\classes;e:\.m2\repository\commons-io\commons-io\2.4\commons-io-2.4.jar;e:\.m2\repository\org\activiti\activiti-engine\5.15.1\activiti-engine-5.15.1.jar;e:\.m2\repository\org\activiti\activiti-bpmn-converter\5.15.1\activiti-bpmn-converter-5.15.1.jar;e:\.m2\repository\org\activiti\activiti-bpmn-model\5.15.1\activiti-bpmn-model-5.15.1.jar;e:\.m2\repository\org\codehaus\jackson\jackson-core-asl\1.9.9\jackson-core-asl-1.9.9.jar;e:\.m2\repository\org\activiti\activiti-process-validation\5.15.1\activiti-process-validation-5.15.1.jar;e:\.m2\repository\org\apache\commons\commons-email\1.2\commons-email-1.2.jar;e:\.m2\repository\javax\mail\mail\1.4.1\mail-1.4.1.jar;e:\.m2\repository\javax\activation\activation\1.1\activation-1.1.jar;e:\.m2\repository\org\apache\commons\commons-lang3\3.1\commons-lang3-3.1.jar;e:\.m2\repository\org\mybatis\mybatis\3.2.5\mybatis-3.2.5.jar;e:\.m2\repository\org\springframework\spring-beans\3.2.7.RELEASE\spring-beans-3.2.7.RELEASE.jar;e:\.m2\repository\joda-time\joda-time\2.1\joda-time-2.1.jar;e:\.m2\repository\org\slf4j\slf4j-api\1.7.6\slf4j-api-1.7.6.jar;e:\.m2\repository\org\slf4j\jcl-over-slf4j\1.7.6\jcl-over-slf4j-1.7.6.jar;e:\.m2\repository\org\activiti\activiti-spring\5.15.1\activiti-spring-5.15.1.jar;e:\.m2\repository\org\springframework\spring-context\3.2.7.RELEASE\spring-context-3.2.7.RELEASE.jar;e:\.m2\repository\org\springframework\spring-expression\3.2.7.RELEASE\spring-expression-3.2.7.RELEASE.jar;e:\.m2\repository\org\springframework\spring-jdbc\3.2.7.RELEASE\spring-jdbc-3.2.7.RELEASE.jar;e:\.m2\repository\org\springframework\spring-tx\3.2.7.RELEASE\spring-tx-3.2.7.RELEASE.jar;e:\.m2\repository\org\springframework\spring-orm\3.2.7.RELEASE\spring-orm-3.2.7.RELEASE.jar;e:\.m2\repository\commons-dbcp\commons-dbcp\1.4\commons-dbcp-1.4.jar;e:\.m2\repository\commons-pool\commons-pool\1.5.4\commons-pool-1.5.4.jar;e:\.m2\repository\mysql\mysql-connector-java\5.1.10\mysql-connector-java-5.1.10.jar;e:\.m2\repository\junit\junit\4.11\junit-4.11.jar;e:\.m2\repository\org\hamcrest\hamcrest-core\1.3\hamcrest-core-1.3.jar;e:\.m2\repository\org\mockito\mockito-core\1.9.5\mockito-core-1.9.5.jar;e:\.m2\repository\org\objenesis\objenesis\1.0\objenesis-1.0.jar;e:\.m2\repository\org\springframework\spring-aop\3.2.8.RELEASE\spring-aop-3.2.8.RELEASE.jar;e:\.m2\repository\aopalliance\aopalliance\1.0\aopalliance-1.0.jar;e:\.m2\repository\org\springframework\spring-test\3.2.8.RELEASE\spring-test-3.2.8.RELEASE.jar;e:\.m2\repository\org\springframework\spring-core\3.2.8.RELEASE\spring-core-3.2.8.RELEASE.jar;e:\.m2\repository\commons-logging\commons-logging\1.1.3\commons-logging-1.1.3.jar;e:\.m2\repository\javax\annotation\javax.annotation-api\1.2\javax.annotation-api-1.2.jar;"/>
    <property name="java.specification.name" value="Java Platform API Specification"/>
    <property name="java.class.version" value="51.0"/>
    <property name="sun.management.compiler" value="HotSpot 64-Bit Tiered Compilers"/>
    <property name="os.version" value="6.3"/>
    <property name="user.home" value="C:\Users\wei"/>
    <property name="user.timezone" value="Asia/Shanghai"/>
    <property name="java.awt.printerjob" value="sun.awt.windows.WPrinterJob"/>
    <property name="java.specification.version" value="1.7"/>
    <property name="file.encoding" value="GBK"/>
    <property name="user.name" value="wei"/>
    <property name="java.class.path" value="I:\J2EE\workspace-hfzs\spring_simple_test\target\test-classes;I:\J2EE\workspace-hfzs\spring_simple_test\target\classes;e:\.m2\repository\commons-io\commons-io\2.4\commons-io-2.4.jar;e:\.m2\repository\org\activiti\activiti-engine\5.15.1\activiti-engine-5.15.1.jar;e:\.m2\repository\org\activiti\activiti-bpmn-converter\5.15.1\activiti-bpmn-converter-5.15.1.jar;e:\.m2\repository\org\activiti\activiti-bpmn-model\5.15.1\activiti-bpmn-model-5.15.1.jar;e:\.m2\repository\org\codehaus\jackson\jackson-core-asl\1.9.9\jackson-core-asl-1.9.9.jar;e:\.m2\repository\org\activiti\activiti-process-validation\5.15.1\activiti-process-validation-5.15.1.jar;e:\.m2\repository\org\apache\commons\commons-email\1.2\commons-email-1.2.jar;e:\.m2\repository\javax\mail\mail\1.4.1\mail-1.4.1.jar;e:\.m2\repository\javax\activation\activation\1.1\activation-1.1.jar;e:\.m2\repository\org\apache\commons\commons-lang3\3.1\commons-lang3-3.1.jar;e:\.m2\repository\org\mybatis\mybatis\3.2.5\mybatis-3.2.5.jar;e:\.m2\repository\org\springframework\spring-beans\3.2.7.RELEASE\spring-beans-3.2.7.RELEASE.jar;e:\.m2\repository\joda-time\joda-time\2.1\joda-time-2.1.jar;e:\.m2\repository\org\slf4j\slf4j-api\1.7.6\slf4j-api-1.7.6.jar;e:\.m2\repository\org\slf4j\jcl-over-slf4j\1.7.6\jcl-over-slf4j-1.7.6.jar;e:\.m2\repository\org\activiti\activiti-spring\5.15.1\activiti-spring-5.15.1.jar;e:\.m2\repository\org\springframework\spring-context\3.2.7.RELEASE\spring-context-3.2.7.RELEASE.jar;e:\.m2\repository\org\springframework\spring-expression\3.2.7.RELEASE\spring-expression-3.2.7.RELEASE.jar;e:\.m2\repository\org\springframework\spring-jdbc\3.2.7.RELEASE\spring-jdbc-3.2.7.RELEASE.jar;e:\.m2\repository\org\springframework\spring-tx\3.2.7.RELEASE\spring-tx-3.2.7.RELEASE.jar;e:\.m2\repository\org\springframework\spring-orm\3.2.7.RELEASE\spring-orm-3.2.7.RELEASE.jar;e:\.m2\repository\commons-dbcp\commons-dbcp\1.4\commons-dbcp-1.4.jar;e:\.m2\repository\commons-pool\commons-pool\1.5.4\commons-pool-1.5.4.jar;e:\.m2\repository\mysql\mysql-connector-java\5.1.10\mysql-connector-java-5.1.10.jar;e:\.m2\repository\junit\junit\4.11\junit-4.11.jar;e:\.m2\repository\org\hamcrest\hamcrest-core\1.3\hamcrest-core-1.3.jar;e:\.m2\repository\org\mockito\mockito-core\1.9.5\mockito-core-1.9.5.jar;e:\.m2\repository\org\objenesis\objenesis\1.0\objenesis-1.0.jar;e:\.m2\repository\org\springframework\spring-aop\3.2.8.RELEASE\spring-aop-3.2.8.RELEASE.jar;e:\.m2\repository\aopalliance\aopalliance\1.0\aopalliance-1.0.jar;e:\.m2\repository\org\springframework\spring-test\3.2.8.RELEASE\spring-test-3.2.8.RELEASE.jar;e:\.m2\repository\org\springframework\spring-core\3.2.8.RELEASE\spring-core-3.2.8.RELEASE.jar;e:\.m2\repository\commons-logging\commons-logging\1.1.3\commons-logging-1.1.3.jar;e:\.m2\repository\javax\annotation\javax.annotation-api\1.2\javax.annotation-api-1.2.jar;"/>
    <property name="java.vm.specification.version" value="1.7"/>
    <property name="sun.arch.data.model" value="64"/>
    <property name="java.home" value="C:\Program Files\Java\jdk1.7.0_71\jre"/>
    <property name="sun.java.command" value="C:\Users\wei\AppData\Local\Temp\surefirebooter1647117758880827336.jar C:\Users\wei\AppData\Local\Temp\surefire3467051129391210545tmp C:\Users\wei\AppData\Local\Temp\surefire5104920890339771078tmp"/>
    <property name="java.specification.vendor" value="Oracle Corporation"/>
    <property name="user.language" value="zh"/>
    <property name="awt.toolkit" value="sun.awt.windows.WToolkit"/>
    <property name="java.vm.info" value="mixed mode"/>
    <property name="java.version" value="1.7.0_71"/>
    <property name="java.ext.dirs" value="C:\Program Files\Java\jdk1.7.0_71\jre\lib\ext;C:\Windows\Sun\Java\lib\ext"/>
    <property name="sun.boot.class.path" value="C:\Program Files\Java\jdk1.7.0_71\jre\lib\resources.jar;C:\Program Files\Java\jdk1.7.0_71\jre\lib\rt.jar;C:\Program Files\Java\jdk1.7.0_71\jre\lib\sunrsasign.jar;C:\Program Files\Java\jdk1.7.0_71\jre\lib\jsse.jar;C:\Program Files\Java\jdk1.7.0_71\jre\lib\jce.jar;C:\Program Files\Java\jdk1.7.0_71\jre\lib\charsets.jar;C:\Program Files\Java\jdk1.7.0_71\jre\lib\jfr.jar;C:\Program Files\Java\jdk1.7.0_71\jre\classes"/>
    <property name="java.vendor" value="Oracle Corporation"/>
    <property name="localRepository" value="e:\.m2\repository"/>
    <property name="file.separator" value="\"/>
    <property name="java.vendor.url.bug" value="http://bugreport.sun.com/bugreport/"/>
    <property name="sun.cpu.endian" value="little"/>
    <property name="sun.io.unicode.encoding" value="UnicodeLittle"/>
    <property name="sun.desktop" value="windows"/>
    <property name="sun.cpu.isalist" value="amd64"/>
  </properties>
  <testcase time="0.567" classname="com.tfry.spring.SpringTest" name="testApplicationContext">
    <error message="No bean named &apos;employee&apos; is defined" type="org.springframework.beans.factory.NoSuchBeanDefinitionException">org.springframework.beans.factory.NoSuchBeanDefinitionException: No bean named &apos;employee&apos; is defined
	at org.springframework.beans.factory.support.DefaultListableBeanFactory.getBeanDefinition(DefaultListableBeanFactory.java:570)
	at org.springframework.beans.factory.support.AbstractBeanFactory.getMergedLocalBeanDefinition(AbstractBeanFactory.java:1114)
	at org.springframework.beans.factory.support.AbstractBeanFactory.doGetBean(AbstractBeanFactory.java:279)
	at org.springframework.beans.factory.support.AbstractBeanFactory.getBean(AbstractBeanFactory.java:194)
	at org.springframework.context.support.AbstractApplicationContext.getBean(AbstractApplicationContext.java:1117)
	at com.tfry.spring.SpringTest.getBean(SpringTest.java:22)
	at com.tfry.spring.SpringTest.testApplicationContext(SpringTest.java:30)
	at sun.reflect.NativeMethodAccessorImpl.invoke0(Native Method)
	at sun.reflect.NativeMethodAccessorImpl.invoke(NativeMethodAccessorImpl.java:57)
	at sun.reflect.DelegatingMethodAccessorImpl.invoke(DelegatingMethodAccessorImpl.java:43)
	at java.lang.reflect.Method.invoke(Method.java:606)
	at org.junit.runners.model.FrameworkMethod$1.runReflectiveCall(FrameworkMethod.java:47)
	at org.junit.internal.runners.model.ReflectiveCallable.run(ReflectiveCallable.java:12)
	at org.junit.runners.model.FrameworkMethod.invokeExplosively(FrameworkMethod.java:44)
	at org.junit.internal.runners.statements.InvokeMethod.evaluate(InvokeMethod.java:17)
	at org.springframework.test.context.junit4.statements.RunBeforeTestMethodCallbacks.evaluate(RunBeforeTestMethodCallbacks.java:74)
	at org.springframework.test.context.junit4.statements.RunAfterTestMethodCallbacks.evaluate(RunAfterTestMethodCallbacks.java:83)
	at org.springframework.test.context.junit4.statements.SpringRepeat.evaluate(SpringRepeat.java:72)
	at org.springframework.test.context.junit4.SpringJUnit4ClassRunner.runChild(SpringJUnit4ClassRunner.java:231)
	at org.springframework.test.context.junit4.SpringJUnit4ClassRunner.runChild(SpringJUnit4ClassRunner.java:88)
	at org.junit.runners.ParentRunner$3.run(ParentRunner.java:238)
	at org.junit.runners.ParentRunner$1.schedule(ParentRunner.java:63)
	at org.junit.runners.ParentRunner.runChildren(ParentRunner.java:236)
	at org.junit.runners.ParentRunner.access$000(ParentRunner.java:53)
	at org.junit.runners.ParentRunner$2.evaluate(ParentRunner.java:229)
	at org.springframework.test.context.junit4.statements.RunBeforeTestClassCallbacks.evaluate(RunBeforeTestClassCallbacks.java:61)
	at org.springframework.test.context.junit4.statements.RunAfterTestClassCallbacks.evaluate(RunAfterTestClassCallbacks.java:71)
	at org.junit.runners.ParentRunner.run(ParentRunner.java:309)
	at org.springframework.test.context.junit4.SpringJUnit4ClassRunner.run(SpringJUnit4ClassRunner.java:174)
	at org.apache.maven.surefire.junit4.JUnit4TestSet.execute(JUnit4TestSet.java:59)
	at org.apache.maven.surefire.suite.AbstractDirectoryTestSuite.executeTestSet(AbstractDirectoryTestSuite.java:115)
	at org.apache.maven.surefire.suite.AbstractDirectoryTestSuite.execute(AbstractDirectoryTestSuite.java:102)
	at org.apache.maven.surefire.Surefire.run(Surefire.java:180)
	at sun.reflect.NativeMethodAccessorImpl.invoke0(Native Method)
	at sun.reflect.NativeMethodAccessorImpl.invoke(NativeMethodAccessorImpl.java:57)
	at sun.reflect.DelegatingMethodAccessorImpl.invoke(DelegatingMethodAccessorImpl.java:43)
	at java.lang.reflect.Method.invoke(Method.java:606)
	at org.apache.maven.surefire.booter.SurefireBooter.runSuitesInProcess(SurefireBooter.java:350)
	at org.apache.maven.surefire.booter.SurefireBooter.main(SurefireBooter.java:1021)
</error>
  </testcase>
</testsuite>